<?xml version="1.0" encoding="UTF-8"?>
<testsuite xmlns:xsi="http://www.w3.org/2001/XMLSchema-instance" xsi:noNamespaceSchemaLocation="https://maven.apache.org/surefire/maven-surefire-plugin/xsd/surefire-test-report-3.0.xsd" version="3.0" name="es.ies.puerto.model.HunterTest" time="0.076" tests="3" errors="0" skipped="0" failures="0">
  <properties>
[...]
</properties>
  <testcase name="getSetTest" classname="es.ies.puerto.model.HunterTest" time="0.045">
    <system-out><![CDATA[ .  .  .  .  .  
 .  .  .  .  .  
 .  .  .  .  .  
 .  .  .  .  .  
 .  .  .  .  .  
 
 .  .  .  .  .  .  
 .  .  .  .  .  .  
 .  .  .  .  .  .  
 .  .  .  .  .  .  
 .  .  .  .  .  .  
 .  .  .  .  .  .  
 
]]></system-out>
  </testcase>
  <testcase name="equalsTest" classname="es.ies.puerto.model.HunterTest" time="0.003">
    <system-out><![CDATA[ .  .  .  .  .  
 .  .  .  .  .  
 .  .  .  .  .  
 .  .  .  .  .  
 .  .  .  .  .  
 
]]></system-out>
  </testcase>
  <testcase name="toStringTest" classname="es.ies.puerto.model.HunterTest" time="0.006">
    <system-out><![CDATA[ .  .  .  .  .  
 .  .  .  .  .  
 .  .  .  .  .  
 .  .  .  .  .  
 .  .  .  .  .  
 
]]></system-out>
  </testcase>
</testsuite>